<?xml version="1.0" encoding="UTF-8"?>
<testsuite xmlns:xsi="http://www.w3.org/2001/XMLSchema-instance" xsi:noNamespaceSchemaLocation="https://maven.apache.org/surefire/maven-surefire-plugin/xsd/surefire-test-report.xsd" name="karate.RunKarateWithSpringBootTest" time="11.592" tests="17" errors="0" skipped="0" failures="0">
  <properties>
[...]
</properties>
  <testcase name="testEmployees[1][1]" classname="karate.RunKarateWithSpringBootTest" time="1.214"/>
  <testcase name="testEmployees[1][2]" classname="karate.RunKarateWithSpringBootTest" time="0.036"/>
  <testcase name="testEmployees[1][3]" classname="karate.RunKarateWithSpringBootTest" time="0.258"/>
  <testcase name="testEmployees[1][4]" classname="karate.RunKarateWithSpringBootTest" time="1.034"/>
  <testcase name="testDepartments[1][1]" classname="karate.RunKarateWithSpringBootTest" time="0.023"/>
  <testcase name="testDepartments[1][2]" classname="karate.RunKarateWithSpringBootTest" time="0.027"/>
  <testcase name="testDepartments[1][3]" classname="karate.RunKarateWithSpringBootTest" time="0.117"/>
  <testcase name="testDepartments[1][4]" classname="karate.RunKarateWithSpringBootTest" time="0.256"/>
  <testcase name="testAuthBasic[1][1]" classname="karate.RunKarateWithSpringBootTest" time="0.11"/>
  <testcase name="testAuthBasic[1][2]" classname="karate.RunKarateWithSpringBootTest" time="0.166"/>
  <testcase name="testAuthBasic[1][3]" classname="karate.RunKarateWithSpringBootTest" time="0.238"/>
  <testcase name="testAuthBasic[1][4]" classname="karate.RunKarateWithSpringBootTest" time="0.134"/>
  <testcase name="testAuthBasic[1][5]" classname="karate.RunKarateWithSpringBootTest" time="0.141"/>
  <testcase name="testAuthBasic[1][6]" classname="karate.RunKarateWithSpringBootTest" time="0.089"/>
  <testcase name="testAuthBasic[1][7]" classname="karate.RunKarateWithSpringBootTest" time="0.011"/>
  <testcase name="testAuthBasic[1][8]" classname="karate.RunKarateWithSpringBootTest" time="0.229"/>
  <testcase name="testAuthBasic[1][9]" classname="karate.RunKarateWithSpringBootTest" time="0.246"/>
</testsuite>